{"level":"info","message":"MongoDB Connected: localhost","timestamp":"2025-04-15T15:39:41.554Z"}
{"level":"info","message":"Server is running on port 3001","timestamp":"2025-04-15T15:39:41.564Z"}
{"level":"info","message":"API documentation available at http://localhost:3001/api-docs","timestamp":"2025-04-15T15:39:41.565Z"}
{"level":"info","message":"MongoDB connected successfully","timestamp":"2025-04-15T15:40:53.816Z"}
{"level":"info","message":"MongoDB Connected: localhost","timestamp":"2025-04-15T15:40:53.823Z"}
{"level":"info","message":"Server is running on port 3001","timestamp":"2025-04-15T15:40:53.826Z"}
{"level":"info","message":"API documentation available at http://localhost:3001/api-docs","timestamp":"2025-04-15T15:40:53.827Z"}
{"level":"info","message":"MongoDB connected successfully","timestamp":"2025-04-15T15:40:57.153Z"}
{"level":"info","message":"MongoDB Connected: localhost","timestamp":"2025-04-15T15:40:57.160Z"}
{"level":"info","message":"Server is running on port 3001","timestamp":"2025-04-15T15:40:57.164Z"}
{"level":"info","message":"API documentation available at http://localhost:3001/api-docs","timestamp":"2025-04-15T15:40:57.164Z"}
{"level":"info","message":"MongoDB connected successfully","timestamp":"2025-04-15T15:42:14.637Z"}
{"level":"info","message":"MongoDB Connected: localhost","timestamp":"2025-04-15T15:42:14.646Z"}
{"level":"info","message":"Server is running on port 3001","timestamp":"2025-04-15T15:42:14.652Z"}
{"level":"info","message":"API documentation available at http://localhost:3001/api-docs","timestamp":"2025-04-15T15:42:14.652Z"}
{"level":"info","message":"MongoDB connected successfully","timestamp":"2025-04-15T15:42:17.631Z"}
{"level":"info","message":"MongoDB Connected: localhost","timestamp":"2025-04-15T15:42:17.637Z"}
{"level":"info","message":"Server is running on port 3001","timestamp":"2025-04-15T15:42:17.642Z"}
{"level":"info","message":"API documentation available at http://localhost:3001/api-docs","timestamp":"2025-04-15T15:42:17.643Z"}
{"level":"info","message":"MongoDB connected successfully","timestamp":"2025-04-15T15:44:44.655Z"}
{"level":"info","message":"MongoDB Connected: localhost","timestamp":"2025-04-15T15:44:44.662Z"}
{"level":"info","message":"Server is running on port 3001","timestamp":"2025-04-15T15:44:44.666Z"}
{"level":"info","message":"API documentation available at http://localhost:3001/api-docs","timestamp":"2025-04-15T15:44:44.667Z"}
{"level":"info","message":"MongoDB connected successfully","timestamp":"2025-04-15T15:49:05.541Z"}
{"level":"info","message":"MongoDB Connected: localhost","timestamp":"2025-04-15T15:49:05.548Z"}
{"level":"info","message":"Server is running on port 3001","timestamp":"2025-04-15T15:49:05.552Z"}
{"level":"info","message":"API documentation available at http://localhost:3001/api-docs","timestamp":"2025-04-15T15:49:05.553Z"}
{"level":"info","message":"MongoDB connected successfully","timestamp":"2025-04-15T15:58:01.676Z"}
{"level":"info","message":"MongoDB Connected: localhost","timestamp":"2025-04-15T15:58:01.685Z"}
{"level":"info","message":"Server is running on port 3001","timestamp":"2025-04-15T15:58:01.690Z"}
{"level":"info","message":"API documentation available at http://localhost:3001/api-docs","timestamp":"2025-04-15T15:58:01.691Z"}
{"level":"info","message":"MongoDB connected successfully","timestamp":"2025-04-15T15:58:02.971Z"}
{"level":"info","message":"MongoDB Connected: localhost","timestamp":"2025-04-15T15:58:02.979Z"}
{"level":"info","message":"Server is running on port 3001","timestamp":"2025-04-15T15:58:02.983Z"}
{"level":"info","message":"API documentation available at http://localhost:3001/api-docs","timestamp":"2025-04-15T15:58:02.984Z"}
{"level":"info","message":"MongoDB connected successfully","timestamp":"2025-04-15T15:58:23.518Z"}
{"level":"info","message":"MongoDB Connected: localhost","timestamp":"2025-04-15T15:58:23.524Z"}
{"level":"info","message":"Server is running on port 3001","timestamp":"2025-04-15T15:58:23.528Z"}
{"level":"info","message":"API documentation available at http://localhost:3001/api-docs","timestamp":"2025-04-15T15:58:23.529Z"}
{"level":"info","message":"MongoDB connected successfully","timestamp":"2025-04-15T15:58:24.917Z"}
{"level":"info","message":"MongoDB Connected: localhost","timestamp":"2025-04-15T15:58:24.924Z"}
{"level":"info","message":"Server is running on port 3001","timestamp":"2025-04-15T15:58:24.929Z"}
{"level":"info","message":"API documentation available at http://localhost:3001/api-docs","timestamp":"2025-04-15T15:58:24.929Z"}
{"level":"info","message":"MongoDB connected successfully","timestamp":"2025-04-15T15:58:35.304Z"}
{"level":"info","message":"MongoDB Connected: localhost","timestamp":"2025-04-15T15:58:35.311Z"}
{"level":"info","message":"Server is running on port 3001","timestamp":"2025-04-15T15:58:35.315Z"}
{"level":"info","message":"API documentation available at http://localhost:3001/api-docs","timestamp":"2025-04-15T15:58:35.316Z"}
{"level":"info","message":"MongoDB connected successfully","timestamp":"2025-04-15T15:58:51.765Z"}
{"level":"info","message":"MongoDB Connected: localhost","timestamp":"2025-04-15T15:58:51.772Z"}
{"level":"info","message":"Server is running on port 3001","timestamp":"2025-04-15T15:58:51.775Z"}
{"level":"info","message":"API documentation available at http://localhost:3001/api-docs","timestamp":"2025-04-15T15:58:51.776Z"}
{"level":"info","message":"MongoDB connected successfully","timestamp":"2025-04-15T16:00:08.639Z"}
{"level":"info","message":"MongoDB Connected: localhost","timestamp":"2025-04-15T16:00:08.647Z"}
{"level":"info","message":"Server is running on port 3001","timestamp":"2025-04-15T16:00:08.651Z"}
{"level":"info","message":"API documentation available at http://localhost:3001/api-docs","timestamp":"2025-04-15T16:00:08.651Z"}
{"level":"info","message":"MongoDB connected successfully","timestamp":"2025-04-15T16:00:23.477Z"}
{"level":"info","message":"MongoDB Connected: localhost","timestamp":"2025-04-15T16:00:23.484Z"}
{"level":"info","message":"Server is running on port 3001","timestamp":"2025-04-15T16:00:23.489Z"}
{"level":"info","message":"API documentation available at http://localhost:3001/api-docs","timestamp":"2025-04-15T16:00:23.490Z"}
{"level":"info","message":"MongoDB connected successfully","timestamp":"2025-04-15T16:00:29.808Z"}
{"level":"info","message":"MongoDB Connected: localhost","timestamp":"2025-04-15T16:00:29.819Z"}
{"level":"info","message":"Server is running on port 3001","timestamp":"2025-04-15T16:00:29.824Z"}
{"level":"info","message":"API documentation available at http://localhost:3001/api-docs","timestamp":"2025-04-15T16:00:29.826Z"}
{"level":"info","message":"MongoDB connected successfully","timestamp":"2025-04-15T16:00:37.881Z"}
{"level":"info","message":"MongoDB Connected: localhost","timestamp":"2025-04-15T16:00:37.888Z"}
{"level":"info","message":"Server is running on port 3001","timestamp":"2025-04-15T16:00:37.892Z"}
{"level":"info","message":"API documentation available at http://localhost:3001/api-docs","timestamp":"2025-04-15T16:00:37.892Z"}
{"level":"info","message":"MongoDB connected successfully","timestamp":"2025-04-15T16:00:43.801Z"}
{"level":"info","message":"MongoDB Connected: localhost","timestamp":"2025-04-15T16:00:43.810Z"}
{"level":"info","message":"Server is running on port 3001","timestamp":"2025-04-15T16:00:43.814Z"}
{"level":"info","message":"API documentation available at http://localhost:3001/api-docs","timestamp":"2025-04-15T16:00:43.815Z"}
{"level":"info","message":"MongoDB connected successfully","timestamp":"2025-04-15T16:00:48.465Z"}
{"level":"info","message":"MongoDB Connected: localhost","timestamp":"2025-04-15T16:00:48.473Z"}
{"level":"info","message":"Server is running on port 3001","timestamp":"2025-04-15T16:00:48.477Z"}
{"level":"info","message":"API documentation available at http://localhost:3001/api-docs","timestamp":"2025-04-15T16:00:48.478Z"}
{"level":"info","message":"MongoDB connected successfully","timestamp":"2025-04-15T16:00:55.091Z"}
{"level":"info","message":"MongoDB Connected: localhost","timestamp":"2025-04-15T16:00:55.100Z"}
{"level":"info","message":"Server is running on port 3001","timestamp":"2025-04-15T16:00:55.105Z"}
{"level":"info","message":"API documentation available at http://localhost:3001/api-docs","timestamp":"2025-04-15T16:00:55.106Z"}
{"level":"info","message":"MongoDB connected successfully","timestamp":"2025-04-15T16:07:44.960Z"}
{"level":"info","message":"MongoDB Connected: localhost","timestamp":"2025-04-15T16:07:44.967Z"}
{"level":"info","message":"Server is running on port 3001","timestamp":"2025-04-15T16:07:44.971Z"}
{"level":"info","message":"API documentation available at http://localhost:3001/api-docs","timestamp":"2025-04-15T16:07:44.972Z"}
{"level":"info","message":"MongoDB connected successfully","timestamp":"2025-04-15T16:09:34.349Z"}
{"level":"info","message":"MongoDB Connected: localhost","timestamp":"2025-04-15T16:09:34.358Z"}
{"level":"info","message":"Server is running on port 3001","timestamp":"2025-04-15T16:09:34.363Z"}
{"level":"info","message":"API documentation available at http://localhost:3001/api-docs","timestamp":"2025-04-15T16:09:34.364Z"}
{"level":"info","message":"MongoDB connected successfully","timestamp":"2025-04-15T16:09:45.926Z"}
{"level":"info","message":"MongoDB Connected: localhost","timestamp":"2025-04-15T16:09:45.934Z"}
{"level":"info","message":"Server is running on port 3001","timestamp":"2025-04-15T16:09:45.939Z"}
{"level":"info","message":"API documentation available at http://localhost:3001/api-docs","timestamp":"2025-04-15T16:09:45.940Z"}
{"level":"info","message":"MongoDB connected successfully","timestamp":"2025-04-15T16:09:48.632Z"}
{"level":"info","message":"MongoDB Connected: localhost","timestamp":"2025-04-15T16:09:48.648Z"}
{"level":"info","message":"Server is running on port 3001","timestamp":"2025-04-15T16:09:48.656Z"}
{"level":"info","message":"API documentation available at http://localhost:3001/api-docs","timestamp":"2025-04-15T16:09:48.657Z"}
{"level":"info","message":"MongoDB connected successfully","timestamp":"2025-04-15T16:11:23.834Z"}
{"level":"info","message":"MongoDB Connected: localhost","timestamp":"2025-04-15T16:11:23.841Z"}
{"level":"info","message":"Server is running on port 3001","timestamp":"2025-04-15T16:11:23.847Z"}
{"level":"info","message":"API documentation available at http://localhost:3001/api-docs","timestamp":"2025-04-15T16:11:23.847Z"}
{"level":"info","message":"MongoDB connected successfully","timestamp":"2025-04-15T16:11:25.282Z"}
{"level":"info","message":"MongoDB Connected: localhost","timestamp":"2025-04-15T16:11:25.300Z"}
{"level":"info","message":"Server is running on port 3001","timestamp":"2025-04-15T16:11:25.309Z"}
{"level":"info","message":"API documentation available at http://localhost:3001/api-docs","timestamp":"2025-04-15T16:11:25.310Z"}
{"level":"info","message":"MongoDB connected successfully","timestamp":"2025-04-15T16:11:35.347Z"}
{"level":"info","message":"MongoDB Connected: localhost","timestamp":"2025-04-15T16:11:35.356Z"}
{"level":"info","message":"Server is running on port 3001","timestamp":"2025-04-15T16:11:35.361Z"}
{"level":"info","message":"API documentation available at http://localhost:3001/api-docs","timestamp":"2025-04-15T16:11:35.361Z"}
{"level":"info","message":"MongoDB connected successfully","timestamp":"2025-04-15T16:11:40.717Z"}
{"level":"info","message":"MongoDB Connected: localhost","timestamp":"2025-04-15T16:11:40.728Z"}
{"level":"info","message":"Server is running on port 3001","timestamp":"2025-04-15T16:11:40.734Z"}
{"level":"info","message":"API documentation available at http://localhost:3001/api-docs","timestamp":"2025-04-15T16:11:40.735Z"}
{"level":"info","message":"MongoDB connected successfully","timestamp":"2025-04-15T16:11:42.960Z"}
{"level":"info","message":"MongoDB Connected: localhost","timestamp":"2025-04-15T16:11:42.975Z"}
{"level":"info","message":"Server is running on port 3001","timestamp":"2025-04-15T16:11:42.984Z"}
{"level":"info","message":"API documentation available at http://localhost:3001/api-docs","timestamp":"2025-04-15T16:11:42.985Z"}
{"level":"info","message":"Received shutdown signal, gracefully shutting down...","timestamp":"2025-04-15T16:15:40.353Z"}
{"level":"info","message":"MongoDB connected successfully","timestamp":"2025-04-16T09:34:27.782Z"}
{"level":"info","message":"MongoDB Connected: localhost","timestamp":"2025-04-16T09:34:27.789Z"}
{"level":"info","message":"Server is running on port 3001","timestamp":"2025-04-16T09:34:27.798Z"}
{"level":"info","message":"API documentation available at http://localhost:3001/api-docs","timestamp":"2025-04-16T09:34:27.798Z"}
{"level":"info","message":"Received shutdown signal, gracefully shutting down...","timestamp":"2025-04-16T09:49:36.037Z"}
{"level":"info","message":"MongoDB connected successfully","timestamp":"2025-04-17T04:35:37.179Z"}
{"level":"info","message":"MongoDB Connected: localhost","timestamp":"2025-04-17T04:35:37.188Z"}
{"level":"info","message":"Server is running on port 3001","timestamp":"2025-04-17T04:35:37.196Z"}
{"level":"info","message":"API documentation available at http://localhost:3001/api-docs","timestamp":"2025-04-17T04:35:37.196Z"}
{"level":"error","message":"Error Response [401]: No token provided","timestamp":"2025-04-17T04:43:28.734Z"}
{"level":"info","message":"Received shutdown signal, gracefully shutting down...","timestamp":"2025-04-17T04:44:55.533Z"}
{"level":"error","message":"Error during shutdown: mongoose is not defined","stack":"ReferenceError: mongoose is not defined\n    at process.shutdown (file:///E:/ip2-project/business-back/src/server.js:108:9)\n    at process.processTicksAndRejections (node:internal/process/task_queues:105:5)","timestamp":"2025-04-17T04:45:51.626Z"}
{"level":"info","message":"MongoDB connected successfully","timestamp":"2025-04-17T05:05:58.241Z"}
{"level":"info","message":"MongoDB Connected: localhost","timestamp":"2025-04-17T05:05:58.251Z"}
{"level":"info","message":"Server is running on port 3001","timestamp":"2025-04-17T05:05:58.260Z"}
{"level":"info","message":"API documentation available at http://localhost:3001/api-docs","timestamp":"2025-04-17T05:05:58.261Z"}
{"level":"info","message":"MongoDB connected successfully","timestamp":"2025-04-17T05:09:19.901Z"}
{"level":"info","message":"MongoDB connected successfully","timestamp":"2025-04-17T05:09:33.773Z"}
{"level":"info","message":"MongoDB Connected: localhost","timestamp":"2025-04-17T05:09:33.780Z"}
{"level":"info","message":"Server is running on port 3001","timestamp":"2025-04-17T05:09:33.784Z"}
{"level":"info","message":"API documentation available at http://localhost:3001/api-docs","timestamp":"2025-04-17T05:09:33.784Z"}
{"level":"info","message":"Received shutdown signal, gracefully shutting down...","timestamp":"2025-04-17T05:24:58.933Z"}
{"level":"warn","message":"MongoDB disconnected","timestamp":"2025-04-17T05:24:58.946Z"}
{"level":"info","message":"MongoDB connected successfully","timestamp":"2025-04-17T05:46:22.733Z"}
{"level":"info","message":"MongoDB Connected: localhost","timestamp":"2025-04-17T05:46:22.743Z"}
{"level":"info","message":"Server is running on port 3001","timestamp":"2025-04-17T05:46:22.749Z"}
{"level":"info","message":"API documentation available at http://localhost:3001/api-docs","timestamp":"2025-04-17T05:46:22.749Z"}
{"level":"error","message":"Error Response [404]: Not Found","timestamp":"2025-04-17T05:53:07.697Z"}
{"level":"info","message":"Received shutdown signal, gracefully shutting down...","timestamp":"2025-04-17T05:54:37.827Z"}
{"level":"warn","message":"MongoDB disconnected","timestamp":"2025-04-17T05:54:37.880Z"}
{"level":"info","message":"MongoDB connected successfully","timestamp":"2025-04-17T05:54:43.709Z"}
{"level":"info","message":"MongoDB Connected: localhost","timestamp":"2025-04-17T05:54:43.716Z"}
{"level":"info","message":"Server is running on port 3001","timestamp":"2025-04-17T05:54:43.723Z"}
{"level":"info","message":"API documentation available at http://localhost:3001/api-docs","timestamp":"2025-04-17T05:54:43.723Z"}
{"level":"info","message":"MongoDB connected successfully","timestamp":"2025-04-17T06:35:54.114Z"}
{"level":"info","message":"MongoDB connected successfully","timestamp":"2025-04-17T06:36:10.030Z"}
{"level":"info","message":"MongoDB Connected: localhost","timestamp":"2025-04-17T06:36:10.037Z"}
{"level":"info","message":"Server is running on port 3001","timestamp":"2025-04-17T06:36:10.043Z"}
{"level":"info","message":"API documentation available at http://localhost:3001/api-docs","timestamp":"2025-04-17T06:36:10.044Z"}
{"level":"info","message":"Received shutdown signal, gracefully shutting down...","timestamp":"2025-04-17T07:31:53.462Z"}
{"level":"warn","message":"MongoDB disconnected","timestamp":"2025-04-17T07:44:54.597Z"}
{"level":"warn","message":"MongoDB disconnected","timestamp":"2025-04-17T07:47:51.175Z"}
{"level":"warn","message":"MongoDB disconnected","timestamp":"2025-04-17T07:58:05.778Z"}
{"level":"info","message":"Attempting to connect to MongoDB at: mongodb://127.0.0.1:27017/business_db","timestamp":"2025-04-17T07:59:19.924Z"}
{"level":"info","message":"MongoDB connected successfully","timestamp":"2025-04-17T07:59:20.011Z"}
{"level":"info","message":"MongoDB Connected: 127.0.0.1","timestamp":"2025-04-17T07:59:20.026Z"}
{"level":"info","message":"Server is running on port 3001","timestamp":"2025-04-17T07:59:20.039Z"}
{"level":"info","message":"API documentation available at http://localhost:3001/api-docs","timestamp":"2025-04-17T07:59:20.039Z"}
{"level":"info","message":"Received shutdown signal, gracefully shutting down...","timestamp":"2025-04-17T08:00:21.224Z"}
{"level":"warn","message":"MongoDB disconnected","timestamp":"2025-04-17T08:00:21.232Z"}
{"level":"info","message":"Attempting to connect to MongoDB at: mongodb+srv://ajain191204:Z8s4qIjRz8PUJeLq@businessdb.zjs4mxy.mongodb.net/?retryWrites=true&w=majority&appName=businessdb","timestamp":"2025-04-17T08:01:07.669Z"}
{"level":"info","message":"Attempting to connect to MongoDB at: mongodb+srv://ajain191204:Z8s4qIjRz8PUJeLq@businessdb.zjs4mxy.mongodb.net/?retryWrites=true&w=majority&appName=businessdb","timestamp":"2025-04-17T08:01:15.201Z"}
{"level":"warn","message":"MongoDB disconnected","timestamp":"2025-04-17T08:01:45.268Z"}
{"level":"info","message":"Attempting to connect to MongoDB at: mongodb://ajain191204:Z8s4qIjRz8PUJeLq@ac-bbajwvj-shard-00-00.zjs4mxy.mongodb.net:27017,ac-bbajwvj-shard-00-01.zjs4mxy.mongodb.net:27017,ac-bbajwvj-shard-00-02.zjs4mxy.mongodb.net:27017/business_db?ssl=true&replicaSet=atlas-113nao-shard-0&authSource=admin&retryWrites=true&w=majority","timestamp":"2025-04-17T08:02:25.871Z"}
{"level":"warn","message":"MongoDB disconnected","timestamp":"2025-04-17T08:02:55.968Z"}
{"level":"info","message":"Attempting to connect to MongoDB at: mongodb+srv://ajain191204:Z8s4qIjRz8PUJeLq@businessdb.zjs4mxy.mongodb.net/businessdb","timestamp":"2025-04-17T08:03:20.943Z"}
{"level":"warn","message":"MongoDB disconnected","timestamp":"2025-04-17T08:03:51.135Z"}
{"level":"info","message":"Attempting to connect to MongoDB at: mongodb+srv://ajain191204:Z8s4qIjRz8PUJeLq@businessdb.zjs4mxy.mongodb.net/businessdb","timestamp":"2025-04-17T08:05:57.927Z"}
{"level":"warn","message":"MongoDB disconnected","timestamp":"2025-04-17T08:06:28.082Z"}
{"level":"info","message":"Attempting to connect to MongoDB at: mongodb+srv://ajain191204:Z8s4qIjRz8PUJeLq@businessdb.zjs4mxy.mongodb.net/businessdb","timestamp":"2025-04-17T08:07:13.830Z"}
{"level":"warn","message":"MongoDB disconnected","timestamp":"2025-04-17T08:07:18.996Z"}
{"level":"info","message":"Attempting to connect to MongoDB at: mongodb+srv://ajain191204:Z8s4qIjRz8PUJeLq@businessdb.zjs4mxy.mongodb.net/businessdb","timestamp":"2025-04-17T08:07:37.856Z"}
{"level":"warn","message":"MongoDB disconnected","timestamp":"2025-04-17T08:07:42.965Z"}
{"level":"info","message":"Attempting to connect to MongoDB at: mongodb+srv://ajain191204:Z8s4qIjRz8PUJeLq@businessdb.zjs4mxy.mongodb.net/businessdb","timestamp":"2025-04-17T08:09:53.592Z"}
{"level":"warn","message":"MongoDB disconnected","timestamp":"2025-04-17T08:09:58.799Z"}
{"level":"info","message":"Attempting to connect to MongoDB at: mongodb+srv://ajain191204:Z8s4qIjRz8PUJeLq@businessdb.zjs4mxy.mongodb.net/businessdb","timestamp":"2025-04-17T08:11:09.833Z"}
{"level":"warn","message":"MongoDB disconnected","timestamp":"2025-04-17T08:11:14.977Z"}
{"level":"info","message":"Attempting to connect to MongoDB at: mongodb+srv://ajain191204:Z8s4qIjRz8PUJeLq@businessdb.zjs4mxy.mongodb.net/businessdb","timestamp":"2025-04-17T08:11:43.454Z"}
{"level":"warn","message":"MongoDB disconnected","timestamp":"2025-04-17T08:11:48.483Z"}
{"level":"info","message":"Attempting to connect to MongoDB at: mongodb+srv://ajain191204:Z8s4qIjRz8PUJeLq@businessdb.zjs4mxy.mongodb.net/businessdb","timestamp":"2025-04-17T08:13:08.634Z"}
{"level":"warn","message":"MongoDB disconnected","timestamp":"2025-04-17T08:13:38.809Z"}
{"level":"info","message":"Attempting to connect to MongoDB at: mongodb+srv://ajain191204:Z8s4qIjRz8PUJeLq@businessdb.zjs4mxy.mongodb.net/businessdb","timestamp":"2025-04-17T08:14:02.011Z"}
{"level":"warn","message":"MongoDB disconnected","timestamp":"2025-04-17T08:14:32.156Z"}
{"level":"info","message":"Attempting to connect to local MongoDB at: mongodb://127.0.0.1:27017/business_db","timestamp":"2025-04-17T08:15:19.405Z"}
{"level":"info","message":"MongoDB connected successfully","timestamp":"2025-04-17T08:15:19.480Z"}
{"level":"info","message":"MongoDB Connected locally: 127.0.0.1","timestamp":"2025-04-17T08:15:19.488Z"}
{"level":"info","message":"Server is running on port 3001","timestamp":"2025-04-17T08:15:19.496Z"}
{"level":"info","message":"API documentation available at http://localhost:3001/api-docs","timestamp":"2025-04-17T08:15:19.497Z"}
{"level":"info","message":"Attempting to connect to MongoDB Atlas at: mongodb+srv://ajain191204:Z8s4qIjRz8PUJeLq@businessdb.zjs4mxy.mongodb.net/businessdb","timestamp":"2025-04-17T08:16:50.523Z"}
{"level":"error","message":"Error: 0C6A0000:error:0A000438:SSL routines:ssl3_read_bytes:tlsv1 alert internal error:c:\\ws\\deps\\openssl\\openssl\\ssl\\record\\rec_layer_s3.c:1605:SSL alert number 80\n","timestamp":"2025-04-17T08:17:20.756Z"}
{"level":"info","message":"Attempting to connect to MongoDB Atlas at: mongodb+srv://ajain191204:Z8s4qIjRz8PUJeLq@businessdb.zjs4mxy.mongodb.net/businessdb","timestamp":"2025-04-17T08:18:06.087Z"}
{"level":"error","message":"Error: 001D0000:error:0A000438:SSL routines:ssl3_read_bytes:tlsv1 alert internal error:c:\\ws\\deps\\openssl\\openssl\\ssl\\record\\rec_layer_s3.c:1605:SSL alert number 80\n","timestamp":"2025-04-17T08:18:36.290Z"}
{"cause":{"beforeHandshake":false,"errorLabelSet":{}},"errorLabelSet":{},"level":"error","message":"Failed to start server: E45B0000:error:0A000438:SSL routines:ssl3_read_bytes:tlsv1 alert internal error:c:\\ws\\deps\\openssl\\openssl\\ssl\\record\\rec_layer_s3.c:1605:SSL alert number 80\n","reason":{"commonWireVersion":0,"compatible":true,"heartbeatFrequencyMS":10000,"localThresholdMS":15,"logicalSessionTimeoutMinutes":null,"maxElectionId":null,"maxSetVersion":null,"servers":{"ac-bbajwvj-shard-00-00.zjs4mxy.mongodb.net:27017":{"$clusterTime":null,"address":"ac-bbajwvj-shard-00-00.zjs4mxy.mongodb.net:27017","arbiters":[],"electionId":null,"error":{"beforeHandshake":false,"errorLabelSet":{}},"hosts":[],"iscryptd":false,"lastUpdateTime":1221358345,"lastWriteDate":0,"logicalSessionTimeoutMinutes":null,"maxBsonObjectSize":null,"maxMessageSizeBytes":null,"maxWireVersion":0,"maxWriteBatchSize":null,"me":null,"minRoundTripTime":0,"minWireVersion":0,"passives":[],"primary":null,"roundTripTime":-1,"setName":null,"setVersion":null,"tags":{},"topologyVersion":null,"type":"Unknown"},"ac-bbajwvj-shard-00-01.zjs4mxy.mongodb.net:27017":{"$clusterTime":null,"address":"ac-bbajwvj-shard-00-01.zjs4mxy.mongodb.net:27017","arbiters":[],"electionId":null,"error":{"beforeHandshake":false,"errorLabelSet":{}},"hosts":[],"iscryptd":false,"lastUpdateTime":1221358345,"lastWriteDate":0,"logicalSessionTimeoutMinutes":null,"maxBsonObjectSize":null,"maxMessageSizeBytes":null,"maxWireVersion":0,"maxWriteBatchSize":null,"me":null,"minRoundTripTime":0,"minWireVersion":0,"passives":[],"primary":null,"roundTripTime":-1,"setName":null,"setVersion":null,"tags":{},"topologyVersion":null,"type":"Unknown"},"ac-bbajwvj-shard-00-02.zjs4mxy.mongodb.net:27017":{"$clusterTime":null,"address":"ac-bbajwvj-shard-00-02.zjs4mxy.mongodb.net:27017","arbiters":[],"electionId":null,"error":{"beforeHandshake":false,"errorLabelSet":{}},"hosts":[],"iscryptd":false,"lastUpdateTime":1221358346,"lastWriteDate":0,"logicalSessionTimeoutMinutes":null,"maxBsonObjectSize":null,"maxMessageSizeBytes":null,"maxWireVersion":0,"maxWriteBatchSize":null,"me":null,"minRoundTripTime":0,"minWireVersion":0,"passives":[],"primary":null,"roundTripTime":-1,"setName":null,"setVersion":null,"tags":{},"topologyVersion":null,"type":"Unknown"}},"setName":"atlas-113nao-shard-0","stale":false,"type":"ReplicaSetNoPrimary"},"stack":"MongoServerSelectionError: E45B0000:error:0A000438:SSL routines:ssl3_read_bytes:tlsv1 alert internal error:c:\\ws\\deps\\openssl\\openssl\\ssl\\record\\rec_layer_s3.c:1605:SSL alert number 80\n\n    at Topology.selectServer (E:\\ip2-project\\business-back\\node_modules\\mongodb\\lib\\sdam\\topology.js:321:38)\n    at async Topology._connect (E:\\ip2-project\\business-back\\node_modules\\mongodb\\lib\\sdam\\topology.js:200:28)\n    at async Topology.connect (E:\\ip2-project\\business-back\\node_modules\\mongodb\\lib\\sdam\\topology.js:152:13)\n    at async topologyConnect (E:\\ip2-project\\business-back\\node_modules\\mongodb\\lib\\mongo_client.js:233:17)\n    at async MongoClient._connect (E:\\ip2-project\\business-back\\node_modules\\mongodb\\lib\\mongo_client.js:246:13)\n    at async MongoClient.connect (E:\\ip2-project\\business-back\\node_modules\\mongodb\\lib\\mongo_client.js:171:13)\n    at async connectDB (file:///E:/ip2-project/business-back/src/config/database.js:27:5)\n    at async startServer (file:///E:/ip2-project/business-back/src/server.js:99:5)","timestamp":"2025-04-17T08:19:05.390Z"}
{"cause":{"beforeHandshake":false,"errorLabelSet":{}},"errorLabelSet":{},"level":"error","message":"Failed to start server: 5C540000:error:0A000438:SSL routines:ssl3_read_bytes:tlsv1 alert internal error:c:\\ws\\deps\\openssl\\openssl\\ssl\\record\\rec_layer_s3.c:1605:SSL alert number 80\n","reason":{"commonWireVersion":0,"compatible":true,"heartbeatFrequencyMS":10000,"localThresholdMS":15,"logicalSessionTimeoutMinutes":null,"maxElectionId":null,"maxSetVersion":null,"servers":{"ac-bbajwvj-shard-00-00.zjs4mxy.mongodb.net:27017":{"$clusterTime":null,"address":"ac-bbajwvj-shard-00-00.zjs4mxy.mongodb.net:27017","arbiters":[],"electionId":null,"error":{"beforeHandshake":false,"errorLabelSet":{}},"hosts":[],"iscryptd":false,"lastUpdateTime":1221380041,"lastWriteDate":0,"logicalSessionTimeoutMinutes":null,"maxBsonObjectSize":null,"maxMessageSizeBytes":null,"maxWireVersion":0,"maxWriteBatchSize":null,"me":null,"minRoundTripTime":0,"minWireVersion":0,"passives":[],"primary":null,"roundTripTime":-1,"setName":null,"setVersion":null,"tags":{},"topologyVersion":null,"type":"Unknown"},"ac-bbajwvj-shard-00-01.zjs4mxy.mongodb.net:27017":{"$clusterTime":null,"address":"ac-bbajwvj-shard-00-01.zjs4mxy.mongodb.net:27017","arbiters":[],"electionId":null,"error":{"beforeHandshake":false,"errorLabelSet":{}},"hosts":[],"iscryptd":false,"lastUpdateTime":1221380040,"lastWriteDate":0,"logicalSessionTimeoutMinutes":null,"maxBsonObjectSize":null,"maxMessageSizeBytes":null,"maxWireVersion":0,"maxWriteBatchSize":null,"me":null,"minRoundTripTime":0,"minWireVersion":0,"passives":[],"primary":null,"roundTripTime":-1,"setName":null,"setVersion":null,"tags":{},"topologyVersion":null,"type":"Unknown"},"ac-bbajwvj-shard-00-02.zjs4mxy.mongodb.net:27017":{"$clusterTime":null,"address":"ac-bbajwvj-shard-00-02.zjs4mxy.mongodb.net:27017","arbiters":[],"electionId":null,"error":{"beforeHandshake":false,"errorLabelSet":{}},"hosts":[],"iscryptd":false,"lastUpdateTime":1221380070,"lastWriteDate":0,"logicalSessionTimeoutMinutes":null,"maxBsonObjectSize":null,"maxMessageSizeBytes":null,"maxWireVersion":0,"maxWriteBatchSize":null,"me":null,"minRoundTripTime":0,"minWireVersion":0,"passives":[],"primary":null,"roundTripTime":-1,"setName":null,"setVersion":null,"tags":{},"topologyVersion":null,"type":"Unknown"}},"setName":"atlas-113nao-shard-0","stale":false,"type":"ReplicaSetNoPrimary"},"stack":"MongoServerSelectionError: 5C540000:error:0A000438:SSL routines:ssl3_read_bytes:tlsv1 alert internal error:c:\\ws\\deps\\openssl\\openssl\\ssl\\record\\rec_layer_s3.c:1605:SSL alert number 80\n\n    at Topology.selectServer (E:\\ip2-project\\business-back\\node_modules\\mongodb\\lib\\sdam\\topology.js:321:38)\n    at async Topology._connect (E:\\ip2-project\\business-back\\node_modules\\mongodb\\lib\\sdam\\topology.js:200:28)\n    at async Topology.connect (E:\\ip2-project\\business-back\\node_modules\\mongodb\\lib\\sdam\\topology.js:152:13)\n    at async topologyConnect (E:\\ip2-project\\business-back\\node_modules\\mongodb\\lib\\mongo_client.js:233:17)\n    at async MongoClient._connect (E:\\ip2-project\\business-back\\node_modules\\mongodb\\lib\\mongo_client.js:246:13)\n    at async MongoClient.connect (E:\\ip2-project\\business-back\\node_modules\\mongodb\\lib\\mongo_client.js:171:13)\n    at async connectDB (file:///E:/ip2-project/business-back/src/config/database.js:34:5)\n    at async startServer (file:///E:/ip2-project/business-back/src/server.js:99:5)","timestamp":"2025-04-17T08:19:27.038Z"}
{"cause":{"beforeHandshake":false,"errorLabelSet":{}},"errorLabelSet":{},"level":"error","message":"Failed to start server: 9C360000:error:0A000438:SSL routines:ssl3_read_bytes:tlsv1 alert internal error:c:\\ws\\deps\\openssl\\openssl\\ssl\\record\\rec_layer_s3.c:1605:SSL alert number 80\n","reason":{"commonWireVersion":0,"compatible":true,"heartbeatFrequencyMS":10000,"localThresholdMS":15,"logicalSessionTimeoutMinutes":null,"maxElectionId":null,"maxSetVersion":null,"servers":{"ac-bbajwvj-shard-00-00.zjs4mxy.mongodb.net:27017":{"$clusterTime":null,"address":"ac-bbajwvj-shard-00-00.zjs4mxy.mongodb.net:27017","arbiters":[],"electionId":null,"error":{"beforeHandshake":false,"errorLabelSet":{}},"hosts":[],"iscryptd":false,"lastUpdateTime":1221458571,"lastWriteDate":0,"logicalSessionTimeoutMinutes":null,"maxBsonObjectSize":null,"maxMessageSizeBytes":null,"maxWireVersion":0,"maxWriteBatchSize":null,"me":null,"minRoundTripTime":0,"minWireVersion":0,"passives":[],"primary":null,"roundTripTime":-1,"setName":null,"setVersion":null,"tags":{},"topologyVersion":null,"type":"Unknown"},"ac-bbajwvj-shard-00-01.zjs4mxy.mongodb.net:27017":{"$clusterTime":null,"address":"ac-bbajwvj-shard-00-01.zjs4mxy.mongodb.net:27017","arbiters":[],"electionId":null,"error":{"beforeHandshake":false,"errorLabelSet":{}},"hosts":[],"iscryptd":false,"lastUpdateTime":1221458597,"lastWriteDate":0,"logicalSessionTimeoutMinutes":null,"maxBsonObjectSize":null,"maxMessageSizeBytes":null,"maxWireVersion":0,"maxWriteBatchSize":null,"me":null,"minRoundTripTime":0,"minWireVersion":0,"passives":[],"primary":null,"roundTripTime":-1,"setName":null,"setVersion":null,"tags":{},"topologyVersion":null,"type":"Unknown"},"ac-bbajwvj-shard-00-02.zjs4mxy.mongodb.net:27017":{"$clusterTime":null,"address":"ac-bbajwvj-shard-00-02.zjs4mxy.mongodb.net:27017","arbiters":[],"electionId":null,"error":{"beforeHandshake":false,"errorLabelSet":{}},"hosts":[],"iscryptd":false,"lastUpdateTime":1221458169,"lastWriteDate":0,"logicalSessionTimeoutMinutes":null,"maxBsonObjectSize":null,"maxMessageSizeBytes":null,"maxWireVersion":0,"maxWriteBatchSize":null,"me":null,"minRoundTripTime":0,"minWireVersion":0,"passives":[],"primary":null,"roundTripTime":-1,"setName":null,"setVersion":null,"tags":{},"topologyVersion":null,"type":"Unknown"}},"setName":"atlas-113nao-shard-0","stale":false,"type":"ReplicaSetNoPrimary"},"stack":"MongoServerSelectionError: 9C360000:error:0A000438:SSL routines:ssl3_read_bytes:tlsv1 alert internal error:c:\\ws\\deps\\openssl\\openssl\\ssl\\record\\rec_layer_s3.c:1605:SSL alert number 80\n\n    at Topology.selectServer (E:\\ip2-project\\business-back\\node_modules\\mongodb\\lib\\sdam\\topology.js:321:38)\n    at async Topology._connect (E:\\ip2-project\\business-back\\node_modules\\mongodb\\lib\\sdam\\topology.js:200:28)\n    at async Topology.connect (E:\\ip2-project\\business-back\\node_modules\\mongodb\\lib\\sdam\\topology.js:152:13)\n    at async topologyConnect (E:\\ip2-project\\business-back\\node_modules\\mongodb\\lib\\mongo_client.js:233:17)\n    at async MongoClient._connect (E:\\ip2-project\\business-back\\node_modules\\mongodb\\lib\\mongo_client.js:246:13)\n    at async MongoClient.connect (E:\\ip2-project\\business-back\\node_modules\\mongodb\\lib\\mongo_client.js:171:13)\n    at async connectDB (file:///E:/ip2-project/business-back/src/config/database.js:41:5)\n    at async startServer (file:///E:/ip2-project/business-back/src/server.js:99:5)","timestamp":"2025-04-17T08:20:45.630Z"}
{"cause":{"beforeHandshake":false,"errorLabelSet":{}},"errorLabelSet":{},"level":"error","message":"Failed to start server: 786E0000:error:0A000438:SSL routines:ssl3_read_bytes:tlsv1 alert internal error:c:\\ws\\deps\\openssl\\openssl\\ssl\\record\\rec_layer_s3.c:1605:SSL alert number 80\n","reason":{"commonWireVersion":0,"compatible":true,"heartbeatFrequencyMS":10000,"localThresholdMS":15,"logicalSessionTimeoutMinutes":null,"maxElectionId":null,"maxSetVersion":null,"servers":{"ac-bbajwvj-shard-00-00.zjs4mxy.mongodb.net:27017":{"$clusterTime":null,"address":"ac-bbajwvj-shard-00-00.zjs4mxy.mongodb.net:27017","arbiters":[],"electionId":null,"error":{"beforeHandshake":false,"errorLabelSet":{}},"hosts":[],"iscryptd":false,"lastUpdateTime":1221475467,"lastWriteDate":0,"logicalSessionTimeoutMinutes":null,"maxBsonObjectSize":null,"maxMessageSizeBytes":null,"maxWireVersion":0,"maxWriteBatchSize":null,"me":null,"minRoundTripTime":0,"minWireVersion":0,"passives":[],"primary":null,"roundTripTime":-1,"setName":null,"setVersion":null,"tags":{},"topologyVersion":null,"type":"Unknown"},"ac-bbajwvj-shard-00-01.zjs4mxy.mongodb.net:27017":{"$clusterTime":null,"address":"ac-bbajwvj-shard-00-01.zjs4mxy.mongodb.net:27017","arbiters":[],"electionId":null,"error":{"beforeHandshake":false,"errorLabelSet":{}},"hosts":[],"iscryptd":false,"lastUpdateTime":1221475466,"lastWriteDate":0,"logicalSessionTimeoutMinutes":null,"maxBsonObjectSize":null,"maxMessageSizeBytes":null,"maxWireVersion":0,"maxWriteBatchSize":null,"me":null,"minRoundTripTime":0,"minWireVersion":0,"passives":[],"primary":null,"roundTripTime":-1,"setName":null,"setVersion":null,"tags":{},"topologyVersion":null,"type":"Unknown"},"ac-bbajwvj-shard-00-02.zjs4mxy.mongodb.net:27017":{"$clusterTime":null,"address":"ac-bbajwvj-shard-00-02.zjs4mxy.mongodb.net:27017","arbiters":[],"electionId":null,"error":{"beforeHandshake":false,"errorLabelSet":{}},"hosts":[],"iscryptd":false,"lastUpdateTime":1221475498,"lastWriteDate":0,"logicalSessionTimeoutMinutes":null,"maxBsonObjectSize":null,"maxMessageSizeBytes":null,"maxWireVersion":0,"maxWriteBatchSize":null,"me":null,"minRoundTripTime":0,"minWireVersion":0,"passives":[],"primary":null,"roundTripTime":-1,"setName":null,"setVersion":null,"tags":{},"topologyVersion":null,"type":"Unknown"}},"setName":"atlas-113nao-shard-0","stale":false,"type":"ReplicaSetNoPrimary"},"stack":"MongoServerSelectionError: 786E0000:error:0A000438:SSL routines:ssl3_read_bytes:tlsv1 alert internal error:c:\\ws\\deps\\openssl\\openssl\\ssl\\record\\rec_layer_s3.c:1605:SSL alert number 80\n\n    at Topology.selectServer (E:\\ip2-project\\business-back\\node_modules\\mongodb\\lib\\sdam\\topology.js:321:38)\n    at async Topology._connect (E:\\ip2-project\\business-back\\node_modules\\mongodb\\lib\\sdam\\topology.js:200:28)\n    at async Topology.connect (E:\\ip2-project\\business-back\\node_modules\\mongodb\\lib\\sdam\\topology.js:152:13)\n    at async topologyConnect (E:\\ip2-project\\business-back\\node_modules\\mongodb\\lib\\mongo_client.js:233:17)\n    at async MongoClient._connect (E:\\ip2-project\\business-back\\node_modules\\mongodb\\lib\\mongo_client.js:246:13)\n    at async MongoClient.connect (E:\\ip2-project\\business-back\\node_modules\\mongodb\\lib\\mongo_client.js:171:13)\n    at async connectDB (file:///E:/ip2-project/business-back/src/config/database.js:41:5)\n    at async startServer (file:///E:/ip2-project/business-back/src/server.js:99:5)","timestamp":"2025-04-17T08:21:02.575Z"}
{"cause":{"beforeHandshake":false,"errorLabelSet":{}},"errorLabelSet":{},"level":"error","message":"Failed to start server: 14460000:error:0A000438:SSL routines:ssl3_read_bytes:tlsv1 alert internal error:c:\\ws\\deps\\openssl\\openssl\\ssl\\record\\rec_layer_s3.c:1605:SSL alert number 80\n","reason":{"commonWireVersion":0,"compatible":true,"heartbeatFrequencyMS":10000,"localThresholdMS":15,"logicalSessionTimeoutMinutes":null,"maxElectionId":null,"maxSetVersion":null,"servers":{"ac-bbajwvj-shard-00-00.zjs4mxy.mongodb.net:27017":{"$clusterTime":null,"address":"ac-bbajwvj-shard-00-00.zjs4mxy.mongodb.net:27017","arbiters":[],"electionId":null,"error":{"beforeHandshake":false,"errorLabelSet":{}},"hosts":[],"iscryptd":false,"lastUpdateTime":1221519896,"lastWriteDate":0,"logicalSessionTimeoutMinutes":null,"maxBsonObjectSize":null,"maxMessageSizeBytes":null,"maxWireVersion":0,"maxWriteBatchSize":null,"me":null,"minRoundTripTime":0,"minWireVersion":0,"passives":[],"primary":null,"roundTripTime":-1,"setName":null,"setVersion":null,"tags":{},"topologyVersion":null,"type":"Unknown"},"ac-bbajwvj-shard-00-01.zjs4mxy.mongodb.net:27017":{"$clusterTime":null,"address":"ac-bbajwvj-shard-00-01.zjs4mxy.mongodb.net:27017","arbiters":[],"electionId":null,"error":{"beforeHandshake":false,"errorLabelSet":{}},"hosts":[],"iscryptd":false,"lastUpdateTime":1221519979,"lastWriteDate":0,"logicalSessionTimeoutMinutes":null,"maxBsonObjectSize":null,"maxMessageSizeBytes":null,"maxWireVersion":0,"maxWriteBatchSize":null,"me":null,"minRoundTripTime":0,"minWireVersion":0,"passives":[],"primary":null,"roundTripTime":-1,"setName":null,"setVersion":null,"tags":{},"topologyVersion":null,"type":"Unknown"},"ac-bbajwvj-shard-00-02.zjs4mxy.mongodb.net:27017":{"$clusterTime":null,"address":"ac-bbajwvj-shard-00-02.zjs4mxy.mongodb.net:27017","arbiters":[],"electionId":null,"error":{"beforeHandshake":false,"errorLabelSet":{}},"hosts":[],"iscryptd":false,"lastUpdateTime":1221519980,"lastWriteDate":0,"logicalSessionTimeoutMinutes":null,"maxBsonObjectSize":null,"maxMessageSizeBytes":null,"maxWireVersion":0,"maxWriteBatchSize":null,"me":null,"minRoundTripTime":0,"minWireVersion":0,"passives":[],"primary":null,"roundTripTime":-1,"setName":null,"setVersion":null,"tags":{},"topologyVersion":null,"type":"Unknown"}},"setName":"atlas-113nao-shard-0","stale":false,"type":"ReplicaSetNoPrimary"},"stack":"MongoServerSelectionError: 14460000:error:0A000438:SSL routines:ssl3_read_bytes:tlsv1 alert internal error:c:\\ws\\deps\\openssl\\openssl\\ssl\\record\\rec_layer_s3.c:1605:SSL alert number 80\n\n    at Topology.selectServer (E:\\ip2-project\\business-back\\node_modules\\mongodb\\lib\\sdam\\topology.js:321:38)\n    at async Topology._connect (E:\\ip2-project\\business-back\\node_modules\\mongodb\\lib\\sdam\\topology.js:200:28)\n    at async Topology.connect (E:\\ip2-project\\business-back\\node_modules\\mongodb\\lib\\sdam\\topology.js:152:13)\n    at async topologyConnect (E:\\ip2-project\\business-back\\node_modules\\mongodb\\lib\\mongo_client.js:233:17)\n    at async MongoClient._connect (E:\\ip2-project\\business-back\\node_modules\\mongodb\\lib\\mongo_client.js:246:13)\n    at async MongoClient.connect (E:\\ip2-project\\business-back\\node_modules\\mongodb\\lib\\mongo_client.js:171:13)\n    at async connectDB (file:///E:/ip2-project/business-back/src/config/database.js:36:5)\n    at async startServer (file:///E:/ip2-project/business-back/src/server.js:99:5)","timestamp":"2025-04-17T08:21:46.911Z"}
{"level":"info","message":"Attempting to connect to MongoDB at: mongodb+srv://ajain191204:Z8s4qIjRz8PUJeLq@businessdb.zjs4mxy.mongodb.net/businessdb","timestamp":"2025-04-17T08:23:55.751Z"}
{"level":"warn","message":"MongoDB disconnected","timestamp":"2025-04-17T08:24:25.907Z"}
{"level":"info","message":"Attempting to connect to MongoDB at: mongodb+srv://ajain191204:Z8s4qIjRz8PUJeLq@businessdb.zjs4mxy.mongodb.net/businessdb","timestamp":"2025-04-17T08:24:56.105Z"}
{"level":"warn","message":"MongoDB disconnected","timestamp":"2025-04-17T08:25:26.255Z"}
{"level":"info","message":"Attempting to connect to MongoDB at: mongodb+srv://ajain191204:Z8s4qIjRz8PUJeLq@businessdb.zjs4mxy.mongodb.net/businessdb","timestamp":"2025-04-17T08:27:01.088Z"}
{"level":"warn","message":"MongoDB disconnected","timestamp":"2025-04-17T08:27:31.286Z"}
{"level":"info","message":"Attempting to connect to MongoDB at: mongodb+srv://ajain191204:Z8s4qIjRz8PUJeLq@businessdb.zjs4mxy.mongodb.net/businessdb","timestamp":"2025-04-17T08:30:44.222Z"}
{"level":"warn","message":"MongoDB disconnected","timestamp":"2025-04-17T08:30:45.335Z"}
{"level":"info","message":"Attempting to connect to MongoDB at: mongodb+srv://ajain191204:Z8s4qIjRz8PUJeLq@businessdb.zjs4mxy.mongodb.net/businessdb?retryWrites=true&w=majority","timestamp":"2025-04-17T08:31:01.220Z"}
{"level":"warn","message":"MongoDB disconnected","timestamp":"2025-04-17T08:31:01.831Z"}
{"level":"info","message":"Attempting to connect to MongoDB at: mongodb+srv://ajain191204:Z8s4qIjRz8PUJeLq@businessdb.zjs4mxy.mongodb.net/businessdb?retryWrites=true&w=majority","timestamp":"2025-04-17T08:32:17.871Z"}
{"level":"warn","message":"MongoDB disconnected","timestamp":"2025-04-17T08:32:18.649Z"}
{"level":"info","message":"Attempting to connect to MongoDB at: mongodb+srv://ajain191204:Z8s4qIjRz8PUJeLq@businessdb.zjs4mxy.mongodb.net/businessdb","timestamp":"2025-04-17T08:32:55.061Z"}
{"level":"warn","message":"MongoDB disconnected","timestamp":"2025-04-17T08:32:55.723Z"}
{"level":"info","message":"Attempting to connect to MongoDB at: mongodb+srv://ajain191204:Z8s4qIjRz8PUJeLq@businessdb.zjs4mxy.mongodb.net/?retryWrites=true&w=majority&appName=businessdb","timestamp":"2025-04-17T08:34:59.994Z"}
{"level":"warn","message":"MongoDB disconnected","timestamp":"2025-04-17T08:35:00.863Z"}
{"level":"info","message":"Attempting to connect to MongoDB at: mongodb+srv://ajain191204:Z8s4qIjRz8PUJeLq@businessdb.zjs4mxy.mongodb.net/?retryWrites=true&w=majority&appName=businessdb","timestamp":"2025-04-17T08:36:24.277Z"}
{"level":"warn","message":"MongoDB disconnected","timestamp":"2025-04-17T08:36:25.062Z"}
{"level":"info","message":"Attempting to connect to MongoDB at: mongodb+srv://ajain191204:Abhi_191204@businessdb.zjs4mxy.mongodb.net/?retryWrites=true&w=majority&appName=businessdb","timestamp":"2025-04-17T08:37:43.173Z"}
{"level":"info","message":"MongoDB connected successfully","timestamp":"2025-04-17T08:37:44.058Z"}
{"level":"info","message":"MongoDB Connected: ac-bbajwvj-shard-00-00.zjs4mxy.mongodb.net","timestamp":"2025-04-17T08:37:44.066Z"}
{"level":"info","message":"Server is running on port 3001","timestamp":"2025-04-17T08:37:44.079Z"}
{"level":"info","message":"API documentation available at http://localhost:3001/api-docs","timestamp":"2025-04-17T08:37:44.079Z"}
{"level":"info","message":"Received shutdown signal, gracefully shutting down...","timestamp":"2025-04-17T08:38:44.681Z"}
{"level":"warn","message":"MongoDB disconnected","timestamp":"2025-04-17T08:38:44.691Z"}
